<beans xmlns="http://www.springframework.org/schema/beans"
       xmlns:xsi="http://www.w3.org/2001/XMLSchema-instance"
       xsi:schemaLocation="
http://www.springframework.org/schema/beans
http://www.springframework.org/schema/beans/spring-beans.xsd">

  <bean id="flowPurgerMBean" class="org.openehealth.ipf.commons.flow.jmx.FlowPurgerMBean">
    <property name="application" value="test" />
    <property name="scheduler" ref="purgerScheduler" />
  </bean>
  
  <bean id="purgerScheduler"
    class="org.springframework.scheduling.quartz.SchedulerFactoryBean" lazy-init="false">
    <property name="schedulerName" value="FlowPurgerScheduler" />
    <property name="quartzProperties">
      <props>
        <prop key="org.quartz.threadPool.threadCount">1</prop>
      </props>
    </property>
  </bean>
  
</beans>
