<?xml version="1.0" encoding="UTF-8"?>

<!--
    Copyright 2008 the original author or authors.

    Licensed under the Apache License, Version 2.0 (the "License");
    you may not use this file except in compliance with the License.
    You may obtain a copy of the License at

        http://www.apache.org/licenses/LICENSE-2.0

    Unless required by applicable law or agreed to in writing, software
    distributed under the License is distributed on an "AS IS" BASIS,
    WITHOUT WARRANTIES OR CONDITIONS OF ANY KIND, either express or implied.
    See the License for the specific language governing permissions and
    limitations under the License.
-->

<beans xmlns="http://www.springframework.org/schema/beans"
       xmlns:xsi="http://www.w3.org/2001/XMLSchema-instance" xmlns:tx="http://www.springframework.org/schema/tx"
       xsi:schemaLocation="
  http://www.springframework.org/schema/beans 
  http://www.springframework.org/schema/beans/spring-beans.xsd
  http://www.springframework.org/schema/tx
  http://www.springframework.org/schema/tx/spring-tx.xsd">

  <tx:annotation-driven transaction-manager="transactionManager"/>

  <!-- ================================================================= -->
  <!--  Flow Manager                                                     -->
  <!-- ================================================================= -->

  <bean id="flowManager" 
    class="org.openehealth.ipf.commons.flow.FlowManagerBase">
  </bean>

  <bean id="flowRepository" 
    class="org.openehealth.ipf.commons.flow.repository.FlowRepositoryImpl">
    <property name="hibernateTemplate" ref="hibernateTemplate" />
  </bean>
  
  <bean id="configRepository" 
    class="org.openehealth.ipf.commons.flow.repository.ConfigRepositoryImpl">
    <property name="hibernateTemplate" ref="hibernateTemplate" />
  </bean>
  
  <!-- ================================================================= -->
  <!--  System Transaction Management                                    -->
  <!-- ================================================================= -->

  <bean id="transactionManager"
        class="org.springframework.orm.hibernate5.HibernateTransactionManager">
    <property name="sessionFactory" ref="hibernateSessionFactory"/>
  </bean>

  <bean id="testTransactionManager"
    class="org.openehealth.ipf.commons.flow.tx.TestTransactionManager">
  </bean>

  <!-- ================================================================= -->
  <!--  Hibernate Setup                                                  -->
  <!-- ================================================================= -->

  <bean id="hibernateSessionFactory" class="org.springframework.orm.hibernate5.LocalSessionFactoryBean">
    <property name="dataSource" ref="testDataSource"/>
    <property name="configLocation" value="classpath:hibernate-flow.xml"/>
    <property name="hibernateProperties">
      <props>
      	<prop key="hibernate.dialect">org.hibernate.dialect.DerbyTenSevenDialect</prop>
        <prop key="hibernate.hbm2ddl.auto">create-drop</prop>
        <prop key="hibernate.show_sql">false</prop>
        <prop key="hibernate.format_sql">false</prop>
        <prop key="hibernate.search.autoregister_listeners">true</prop>
        <prop key="hibernate.search.default.directory_provider">filesystem</prop>
        <prop key="hibernate.search.default.indexBase">target/testdb</prop>
        <prop key="hibernate.search.default.exclusive_index_use">false</prop>
      </props>
    </property>
  </bean>

  <bean id="hibernateTemplate"
    class="org.springframework.orm.hibernate5.HibernateTemplate">
    <property name="sessionFactory" ref="hibernateSessionFactory" />
    <property name="checkWriteOperations" value="false" />
  </bean>

  <!-- ================================================================= -->
  <!--  JDBC Template Setup                                              -->
  <!-- ================================================================= -->

  <bean id="jdbcTemplate" class="org.springframework.jdbc.core.JdbcTemplate">
    <property name="dataSource" ref="testDataSource" />
  </bean>

  <!-- ================================================================= -->
  <!--  Datasource Setup                                                 -->
  <!-- ================================================================= -->

  <bean id="testDataSource" class="org.apache.derby.jdbc.EmbeddedConnectionPoolDataSource">
    <property name="databaseName" value="target/testdb"/>
    <property name="createDatabase" value="create"/>
  </bean>

  <!-- ================================================================= -->
  <!--  Message encryption setup                                         -->
  <!-- ================================================================= -->

  <bean id="stringEncryptor" class="org.jasypt.encryption.pbe.StandardPBEStringEncryptor">
    <property name="password">
      <value>test_password</value>
    </property>
  </bean>

 <bean id="textEncryptorEventListener"
    class="org.openehealth.ipf.commons.flow.hibernate.RenderedMessageEncryptEventListener">
    <property name="stringEncryptor" ref="stringEncryptor" />
  </bean>

  <bean id="textDecryptorEventListener"
    class="org.openehealth.ipf.commons.flow.hibernate.RenderedMessageDecryptEventListener">
    <property name="stringEncryptor" ref="stringEncryptor"/>
  </bean>

  <!-- ================================================================= -->
  <!--  Fulltext search setup                                            -->
  <!-- ================================================================= -->
 
  <bean id="textIndexEventListener" class="org.hibernate.search.event.impl.FullTextIndexEventListener" />
  <bean id="flowSearchCallback" class="org.openehealth.ipf.commons.flow.repository.search.DefaultSearchCallback" />

</beans>
